\BOOKMARK [0][-]{chapter.1}{1 Genetic Algorithm}{}% 1
\BOOKMARK [1][-]{section.1.1}{1.1 Introduction}{chapter.1}% 2
\BOOKMARK [1][-]{section.1.2}{1.2 design of the program}{chapter.1}% 3
\BOOKMARK [1][-]{section.1.3}{1.3 Input}{chapter.1}% 4
\BOOKMARK [2][-]{subsection.1.3.1}{1.3.1 Arguments}{section.1.3}% 5
\BOOKMARK [2][-]{subsection.1.3.2}{1.3.2 Given Files}{section.1.3}% 6
\BOOKMARK [1][-]{section.1.4}{1.4 Important Data Strucures}{chapter.1}% 7
\BOOKMARK [1][-]{section.1.5}{1.5 Usage}{chapter.1}% 8
\BOOKMARK [1][-]{section.1.6}{1.6 Keywords}{chapter.1}% 9
\BOOKMARK [2][-]{subsection.1.6.1}{1.6.1 core keywords}{section.1.6}% 10
\BOOKMARK [2][-]{subsection.1.6.2}{1.6.2 pre-made module keywords}{section.1.6}% 11
\BOOKMARK [1][-]{section.1.7}{1.7 Modules}{chapter.1}% 12
\BOOKMARK [1][-]{section.1.8}{1.8 Core}{chapter.1}% 13
\BOOKMARK [1][-]{section.1.9}{1.9 Examples}{chapter.1}% 14
\BOOKMARK [1][-]{section.1.10}{1.10 Known Bugs and Future Improvements}{chapter.1}% 15
\BOOKMARK [0][-]{chapter.2}{2 Genetic Algorithm}{}% 16
\BOOKMARK [1][-]{subsection.2.0.1}{2.0.1 GA for atomic and periodic structures: the strategy}{chapter.2}% 17
\BOOKMARK [2][-]{subsection.2.0.2}{2.0.2 How to run}{subsection.2.0.1}% 18
\BOOKMARK [2][-]{subsection.2.0.3}{2.0.3 User input options}{subsection.2.0.1}% 19
\BOOKMARK [2][-]{subsection.2.0.4}{2.0.4 ./control/}{subsection.2.0.1}% 20
\BOOKMARK [2][-]{subsection.2.0.5}{2.0.5 ./environment\137geometry/}{subsection.2.0.1}% 21
\BOOKMARK [2][-]{subsection.2.0.6}{2.0.6 ./progress/}{subsection.2.0.1}% 22
\BOOKMARK [2][-]{subsection.2.0.7}{2.0.7 Important Files/Directories}{subsection.2.0.1}% 23
\BOOKMARK [2][-]{subsection.2.0.8}{2.0.8 Reference}{subsection.2.0.1}% 24
\BOOKMARK [0][-]{subsection.2.0.8}{Bibliography}{}% 25
\BOOKMARK [0][-]{section*.31}{Index}{}% 26
