CREST ver. 1.0; program begins: 10/08/2014 19:03:34

Using the following physical constants:
Electron charge     = 1.60217733e-19 Coulomb/electron
Boltzmann constant  = 1.38070000e-23 Joule/Kelvin
Vacuum permittivity = 5.52622973e+05 e/V-cm

Read input flags:
run_electr_structure_command = '/home/ofersin/scripts/offpath/CREST_run_AIMS.sh xxQsheetxx 4'
atomistic_output_dir = 'atom2crest'
Ubl_averaging_interval = 3.159
T = 298.15
bulk_Nv = 2.65e+19
bulk_Nc = 2.8e+19
bulk_epsilon = 11.9
bulk_Eg = 0.7026
doping_density = 1e+17
flatband_WF = 4.1336
flatband_eDelta_phi_v = -1.0466
z_sheet = 9
z_vacuum = 17
z_bisection_estimated = 23.8
z_bulklike_1 = 38.682
z_bulklike_2 = 41.841
z_bulklike_3 = 45
surface_cell_area = 12.96434
intrinsic_num_electrons = 365.0001
calculate_energy_correction = 1
use_DOS = 1
extrapolate_bulklike_U = 1
U_averaging_interval = 0.5
degeneracy_limit = 3.5
fallback_analytical_PBsol = 1
convergence_criterion_Qsheet = Inf
convergence_criterion_Ef = 0.001
convergence_criterion_delta_phi_b = 0.001
max_n_iterations = 20
mixing_parameter = 1
initial_Qsheet = 0
initial_delta_phi_b = 
xml_from_previous = 
z_bisection_uncertainty = 2

Minimal convergence criterion on sheet charge is: 1.076e+09 e/cm^2

Beginning iteration 1: 10/08 19:03:35
      Input Qsheet = 0.0000000000e+00 e/cm^2
Running atomistic code
Loading data from atomistic code
Sheet charge negligible; using U in vacuum = -0.728370 eV
E_b = -4.861970 eV
E_s = -5.062103 eV
Iteration 1 results:
      Output Qsheet = 4.7875445163e+11 e/cm^2
      Ef = -5.061915 eV
      delta_phi_b = -0.199946 V
      Conv. criterion on Qsheet in this step = 1.356e+09 e/cm^2

Beginning iteration 2: 10/08 20:36:27
      Input Qsheet = 4.7875445163e+11 e/cm^2
Running atomistic code
Loading data from atomistic code
Electrostatic energy in vacuum extrapolated to : U(z) = 8.66331e-03 z + -9.24973e-01
Bulk-like potential extrapolated to : U(z) = 3.99401e-05 z^2 + -2.60787e-03 z + 3.80978e-01
Searching for intersection of bulk-like and vacuum U curves (z_d,U_d)
Found intersection at z_d = 25.27356 Å
Taking vacuum U at z_d (z_d/Å,U_vac(z_d)/eV) = (25.27356,-0.706020)
E_b = -4.839620 eV
E_s = -5.028125 eV
Iteration 2 results:
      Output Qsheet = 4.6252087893e+11 e/cm^2
      Ef = -5.027944 eV
      delta_phi_b = -0.188324 V
      Conv. criterion on Qsheet in this step = 1.402e+09 e/cm^2

Beginning iteration 3: 10/08 22:05:17
      Input Qsheet = 4.6305327339e+11 e/cm^2
Running atomistic code
Loading data from atomistic code
Electrostatic energy in vacuum extrapolated to : U(z) = 8.37919e-03 z + -9.18525e-01
Bulk-like potential extrapolated to : U(z) = 4.01435e-05 z^2 + -2.64663e-03 z + 3.81476e-01
Searching for intersection of bulk-like and vacuum U curves (z_d,U_d)
Found intersection at z_d = 25.31597 Å
Taking vacuum U at z_d (z_d/Å,U_vac(z_d)/eV) = (25.31597,-0.706398)
E_b = -4.839998 eV
E_s = -5.029125 eV
Iteration 3 results:
      Output Qsheet = 4.6340339637e+11 e/cm^2
      Ef = -5.028943 eV
      delta_phi_b = -0.188945 V
      Conv. criterion on Qsheet in this step = 1.399e+09 e/cm^2

CONVERGENCE REACHED
Calculating total energy correction
Estimating uncertainty in results
Electrostatic energy in vacuum extrapolated to : U(z) = 8.37919e-03 z + -9.18525e-01
Using fixed z_d = 23.31597 Å
Taking vacuum U at z_d (z_d/Å,U_vac(z_d)/eV) = (23.31597,-0.723156)
E_b = -4.856756 eV
E_s = -5.029125 eV
Electrostatic energy in vacuum extrapolated to : U(z) = 8.37919e-03 z + -9.18525e-01
Using fixed z_d = 27.31597 Å
Taking vacuum U at z_d (z_d/Å,U_vac(z_d)/eV) = (27.31597,-0.689639)
E_b = -4.823239 eV
E_s = -5.029125 eV
 
Final results:
Qsheet      = 4.6305e+11 e/cm^2 = 6.0032e-04 e/cell
E_F         = -5.0289 eV
Delta_phi_b = -0.1889 V
Total energy correction = -5.1458e+09 eV/cm^2 = -6.6712e-06 eV/cell
Estimated uncertainty due to z_d uncertainty of 2.000 Å:
  Qsheet -------> +/- 2.4e+10 e/cm^2
  E_F ----------> +/- 9.5e-06 eV
  Delta_phi_b --> +/- 1.7e-02 V

CREST program completed: 10/08/2014 23:42:54
