This file contains any messages produced by compilers while
running configure, to aid debugging if configure makes a mistake.

It was created by XMLF90 configure 1.5.4, which was
generated by GNU Autoconf 2.69.  Invocation command line was

  $ ./configure --prefix=/home/lleblanc/src/psiesta-4.1-b4/Pseudo/xmlf90-1.5.4/

## --------- ##
## Platform. ##
## --------- ##

hostname = beluga4.int.ets1.calculquebec.ca
uname -m = x86_64
uname -r = 3.10.0-957.12.2.el7.x86_64
uname -s = Linux
uname -v = #1 SMP Tue May 14 21:24:32 UTC 2019

/usr/bin/uname -p = x86_64
/bin/uname -X     = unknown

/bin/arch              = x86_64
/usr/bin/arch -k       = unknown
/usr/convex/getsysinfo = unknown
/usr/bin/hostinfo      = unknown
/bin/machine           = unknown
/usr/bin/oslevel       = unknown
/bin/universe          = unknown

PATH: /cvmfs/soft.computecanada.ca/easybuild/software/2017/avx512/MPI/intel2018.3/openmpi3.1/siesta/4.1-b3/bin
PATH: /cvmfs/soft.computecanada.ca/easybuild/software/2017/avx512/Compiler/intel2018.3/netcdf-fortran/4.4.4/bin
PATH: /cvmfs/soft.computecanada.ca/easybuild/software/2017/avx512/Compiler/intel2018.3/netcdf/4.6.1/bin
PATH: /cvmfs/soft.computecanada.ca/easybuild/software/2017/avx512/Compiler/intel2018.3/hdf5/1.10.3/bin
PATH: /home/lleblanc/src/psiesta-4.1-b4/Obj
PATH: /home/lleblanc/src/pcastep-19-GrimmeD3+3body-c9/obj/linux_x86_64_ifort16--mpi
PATH: /home/lleblanc/src/pcastep-19-c9/obj/linux_x86_64_ifort16--mpi
PATH: /home/lleblanc/src/pcastep-19-GrimmeD3+3body/obj/linux_x86_64_ifort16--mpi
PATH: /home/lleblanc/src/pcastep-19/obj/linux_x86_64_ifort16--mpi
PATH: /home/lleblanc/src/castep-19/obj/linux_x86_64_ifort16--mpi
PATH: /home/lleblanc/scripts
PATH: /cvmfs/soft.computecanada.ca/easybuild/software/2017/avx512/Compiler/intel2018.3/openmpi/3.1.2/bin
PATH: /cvmfs/restricted.computecanada.ca/easybuild/software/2017/Core/ifort/2018.3.222/compilers_and_libraries_2018.3.222/linux/bin/intel64
PATH: /cvmfs/restricted.computecanada.ca/easybuild/software/2017/Core/icc/2018.3.222/compilers_and_libraries_2018.3.222/linux/bin/intel64
PATH: /cvmfs/soft.computecanada.ca/nix/var/nix/profiles/gcc-7.3.0/bin
PATH: /cvmfs/soft.computecanada.ca/easybuild/software/2017/Core/imkl/2018.3.222/mkl/bin
PATH: /cvmfs/soft.computecanada.ca/easybuild/software/2017/Core/imkl/2018.3.222/bin
PATH: /cvmfs/soft.computecanada.ca/easybuild/bin
PATH: /cvmfs/soft.computecanada.ca/custom/bin
PATH: /cvmfs/soft.computecanada.ca/nix/var/nix/profiles/16.09/bin
PATH: /cvmfs/soft.computecanada.ca/nix/var/nix/profiles/16.09/sbin
PATH: /opt/software/slurm/bin
PATH: /usr/local/bin
PATH: /usr/bin
PATH: /usr/local/sbin
PATH: /usr/sbin
PATH: /opt/puppetlabs/bin
PATH: /home/lleblanc/.local/bin
PATH: /home/lleblanc/bin


## ----------- ##
## Core tests. ##
## ----------- ##

configure:2320: checking build system type
configure:2334: result: x86_64-pc-linux-gnu
configure:2354: checking host system type
configure:2367: result: x86_64-pc-linux-gnu
configure:2387: checking target system type
configure:2400: result: x86_64-pc-linux-gnu
configure:2442: checking for a BSD-compatible install
configure:2510: result: /cvmfs/soft.computecanada.ca/custom/bin/install -c
configure:2521: checking whether build environment is sane
configure:2576: result: yes
configure:2727: checking for a thread-safe mkdir -p
configure:2766: result: /cvmfs/soft.computecanada.ca/nix/var/nix/profiles/16.09/bin/mkdir -p
configure:2773: checking for gawk
configure:2789: found /cvmfs/soft.computecanada.ca/nix/var/nix/profiles/16.09/bin/gawk
configure:2800: result: gawk
configure:2811: checking whether make sets $(MAKE)
configure:2833: result: yes
configure:2862: checking whether make supports nested variables
configure:2879: result: yes
configure:3050: checking whether make sets $(MAKE)
configure:3072: result: yes
configure:3082: checking whether ln -s works
configure:3086: result: yes
configure:3093: checking for a sed that does not truncate output
configure:3157: result: /cvmfs/soft.computecanada.ca/nix/var/nix/profiles/16.09/bin/sed
configure:3166: checking for gawk
configure:3193: result: gawk
configure:3204: checking for grep that handles long lines and -e
configure:3262: result: /cvmfs/soft.computecanada.ca/nix/var/nix/profiles/16.09/bin/grep
configure:3323: checking for gcc
configure:3339: found /cvmfs/soft.computecanada.ca/nix/var/nix/profiles/gcc-7.3.0/bin/gcc
configure:3350: result: gcc
configure:3579: checking for C compiler version
configure:3588: gcc --version >&5
gcc (GCC) 7.3.0
Copyright (C) 2017 Free Software Foundation, Inc.
This is free software; see the source for copying conditions.  There is NO
warranty; not even for MERCHANTABILITY or FITNESS FOR A PARTICULAR PURPOSE.

configure:3599: $? = 0
configure:3588: gcc -v >&5
Using built-in specs.
COLLECT_GCC=gcc
COLLECT_LTO_WRAPPER=/cvmfs/soft.computecanada.ca/nix/store/rrwlh3bahkdwnbjvzm0nkq3504v451yl-gfortran-7.3.0/libexec/gcc/x86_64-pc-linux-gnu/7.3.0/lto-wrapper
Target: x86_64-pc-linux-gnu
Configured with: 
Thread model: posix
gcc version 7.3.0 (GCC) 
configure:3599: $? = 0
configure:3588: gcc -V >&5
gcc: error: unrecognized command line option '-V'
gcc: fatal error: no input files
compilation terminated.
configure:3599: $? = 1
configure:3588: gcc -qversion >&5
gcc: error: unrecognized command line option '-qversion'; did you mean '--version'?
gcc: fatal error: no input files
compilation terminated.
configure:3599: $? = 1
configure:3619: checking whether the C compiler works
configure:3641: gcc    conftest.c  >&5
configure:3645: $? = 0
configure:3693: result: yes
configure:3696: checking for C compiler default output file name
configure:3698: result: a.out
configure:3704: checking for suffix of executables
configure:3711: gcc -o conftest    conftest.c  >&5
configure:3715: $? = 0
configure:3737: result: 
configure:3759: checking whether we are cross compiling
configure:3767: gcc -o conftest    conftest.c  >&5
configure:3771: $? = 0
configure:3778: ./conftest
configure:3782: $? = 0
configure:3797: result: no
configure:3802: checking for suffix of object files
configure:3824: gcc -c   conftest.c >&5
configure:3828: $? = 0
configure:3849: result: o
configure:3853: checking whether we are using the GNU C compiler
configure:3872: gcc -c   conftest.c >&5
configure:3872: $? = 0
configure:3881: result: yes
configure:3890: checking whether gcc accepts -g
configure:3910: gcc -c -g  conftest.c >&5
configure:3910: $? = 0
configure:3951: result: yes
configure:3968: checking for gcc option to accept ISO C89
configure:4031: gcc  -c -g -O2  conftest.c >&5
configure:4031: $? = 0
configure:4044: result: none needed
configure:4069: checking whether gcc understands -c and -o together
configure:4091: gcc -c conftest.c -o conftest2.o
configure:4094: $? = 0
configure:4091: gcc -c conftest.c -o conftest2.o
configure:4094: $? = 0
configure:4106: result: yes
configure:4134: checking for style of include used by make
configure:4162: result: GNU
configure:4188: checking dependency style of gcc
configure:4299: result: none
configure:4319: checking how to run the C preprocessor
configure:4350: gcc -E  conftest.c
configure:4350: $? = 0
configure:4364: gcc -E  conftest.c
conftest.c:11:10: fatal error: ac_nonexistent.h: No such file or directory
 #include <ac_nonexistent.h>
          ^~~~~~~~~~~~~~~~~~
compilation terminated.
configure:4364: $? = 1
configure: failed program was:
| /* confdefs.h */
| #define PACKAGE_NAME "XMLF90"
| #define PACKAGE_TARNAME "xmlf90"
| #define PACKAGE_VERSION "1.5.4"
| #define PACKAGE_STRING "XMLF90 1.5.4"
| #define PACKAGE_BUGREPORT "https://bugs.launchpad.net/xmlf90"
| #define PACKAGE_URL "https://launchpad.net/xmlf90"
| #define PACKAGE "xmlf90"
| #define VERSION "1.5.4"
| /* end confdefs.h.  */
| #include <ac_nonexistent.h>
configure:4389: result: gcc -E
configure:4409: gcc -E  conftest.c
configure:4409: $? = 0
configure:4423: gcc -E  conftest.c
conftest.c:11:10: fatal error: ac_nonexistent.h: No such file or directory
 #include <ac_nonexistent.h>
          ^~~~~~~~~~~~~~~~~~
compilation terminated.
configure:4423: $? = 1
configure: failed program was:
| /* confdefs.h */
| #define PACKAGE_NAME "XMLF90"
| #define PACKAGE_TARNAME "xmlf90"
| #define PACKAGE_VERSION "1.5.4"
| #define PACKAGE_STRING "XMLF90 1.5.4"
| #define PACKAGE_BUGREPORT "https://bugs.launchpad.net/xmlf90"
| #define PACKAGE_URL "https://launchpad.net/xmlf90"
| #define PACKAGE "xmlf90"
| #define VERSION "1.5.4"
| /* end confdefs.h.  */
| #include <ac_nonexistent.h>
configure:4563: checking for gfortran
configure:4579: found /cvmfs/soft.computecanada.ca/nix/var/nix/profiles/gcc-7.3.0/bin/gfortran
configure:4590: result: gfortran
configure:4616: checking for Fortran compiler version
configure:4625: gfortran --version >&5
GNU Fortran (GCC) 7.3.0
Copyright (C) 2017 Free Software Foundation, Inc.
This is free software; see the source for copying conditions.  There is NO
warranty; not even for MERCHANTABILITY or FITNESS FOR A PARTICULAR PURPOSE.

configure:4636: $? = 0
configure:4625: gfortran -v >&5
Using built-in specs.
COLLECT_GCC=gfortran
COLLECT_LTO_WRAPPER=/cvmfs/soft.computecanada.ca/nix/store/rrwlh3bahkdwnbjvzm0nkq3504v451yl-gfortran-7.3.0/libexec/gcc/x86_64-pc-linux-gnu/7.3.0/lto-wrapper
Target: x86_64-pc-linux-gnu
Configured with: 
Thread model: posix
gcc version 7.3.0 (GCC) 
configure:4636: $? = 0
configure:4625: gfortran -V >&5
gfortran: error: unrecognized command line option '-V'
gfortran: fatal error: no input files
compilation terminated.
configure:4636: $? = 1
configure:4625: gfortran -qversion >&5
gfortran: error: unrecognized command line option '-qversion'; did you mean '--version'?
gfortran: fatal error: no input files
compilation terminated.
configure:4636: $? = 1
configure:4645: checking whether we are using the GNU Fortran compiler
configure:4658: gfortran -c   conftest.F >&5
configure:4658: $? = 0
configure:4667: result: yes
configure:4673: checking whether gfortran accepts -g
configure:4684: gfortran -c -g  conftest.f >&5
configure:4684: $? = 0
configure:4692: result: yes
configure:4730: checking fortran 90 modules extension
configure:4757: gfortran -c -g -O2  conftest.f >&5
configure:4757: $? = 0
configure:4780: result: mod
configure:4784: checking fortran 90 modules case
configure:4811: gfortran -c -g -O2  conftest.f >&5
configure:4811: $? = 0
configure:4844: result: unknown
configure:4912: checking how to print strings
configure:4939: result: printf
configure:4960: checking for a sed that does not truncate output
configure:5024: result: /cvmfs/soft.computecanada.ca/nix/var/nix/profiles/16.09/bin/sed
configure:5042: checking for egrep
configure:5104: result: /cvmfs/soft.computecanada.ca/nix/var/nix/profiles/16.09/bin/grep -E
configure:5109: checking for fgrep
configure:5171: result: /cvmfs/soft.computecanada.ca/nix/var/nix/profiles/16.09/bin/grep -F
configure:5206: checking for ld used by gcc
configure:5273: result: /cvmfs/soft.computecanada.ca/nix/var/nix/profiles/16.09/bin/ld
configure:5280: checking if the linker (/cvmfs/soft.computecanada.ca/nix/var/nix/profiles/16.09/bin/ld) is GNU ld
configure:5295: result: yes
configure:5307: checking for BSD- or MS-compatible name lister (nm)
configure:5361: result: /cvmfs/soft.computecanada.ca/nix/var/nix/profiles/16.09/bin/nm -B
configure:5491: checking the name lister (/cvmfs/soft.computecanada.ca/nix/var/nix/profiles/16.09/bin/nm -B) interface
configure:5498: gcc -c -g -O2  conftest.c >&5
configure:5501: /cvmfs/soft.computecanada.ca/nix/var/nix/profiles/16.09/bin/nm -B "conftest.o"
configure:5504: output
0000000000000000 B some_variable
configure:5511: result: BSD nm
configure:5515: checking the maximum length of command line arguments
configure:5646: result: 1572864
configure:5694: checking how to convert x86_64-pc-linux-gnu file names to x86_64-pc-linux-gnu format
configure:5734: result: func_convert_file_noop
configure:5741: checking how to convert x86_64-pc-linux-gnu file names to toolchain format
configure:5761: result: func_convert_file_noop
configure:5768: checking for /cvmfs/soft.computecanada.ca/nix/var/nix/profiles/16.09/bin/ld option to reload object files
configure:5775: result: -r
configure:5849: checking for objdump
configure:5865: found /cvmfs/soft.computecanada.ca/nix/var/nix/profiles/16.09/bin/objdump
configure:5876: result: objdump
configure:5908: checking how to recognize dependent libraries
configure:6108: result: pass_all
configure:6193: checking for dlltool
configure:6223: result: no
configure:6253: checking how to associate runtime and link libraries
configure:6280: result: printf %s\n
configure:6341: checking for ar
configure:6357: found /cvmfs/soft.computecanada.ca/nix/var/nix/profiles/16.09/bin/ar
configure:6368: result: ar
configure:6405: checking for archiver @FILE support
configure:6422: gcc -c -g -O2  conftest.c >&5
configure:6422: $? = 0
configure:6425: ar cru libconftest.a @conftest.lst >&5
ar: `u' modifier ignored since `D' is the default (see `U')
configure:6428: $? = 0
configure:6433: ar cru libconftest.a @conftest.lst >&5
ar: `u' modifier ignored since `D' is the default (see `U')
ar: conftest.o: No such file or directory
configure:6436: $? = 1
configure:6448: result: @
configure:6506: checking for strip
configure:6522: found /cvmfs/soft.computecanada.ca/nix/var/nix/profiles/16.09/bin/strip
configure:6533: result: strip
configure:6605: checking for ranlib
configure:6621: found /cvmfs/soft.computecanada.ca/nix/var/nix/profiles/16.09/bin/ranlib
configure:6632: result: ranlib
configure:6734: checking command to parse /cvmfs/soft.computecanada.ca/nix/var/nix/profiles/16.09/bin/nm -B output from gcc object
configure:6887: gcc -c -g -O2  conftest.c >&5
configure:6890: $? = 0
configure:6894: /cvmfs/soft.computecanada.ca/nix/var/nix/profiles/16.09/bin/nm -B conftest.o \| sed -n -e 's/^.*[ ]\([ABCDGIRSTW][ABCDGIRSTW]*\)[ ][ ]*\([_A-Za-z][_A-Za-z0-9]*\)$/\1 \2 \2/p' | sed '/ __gnu_lto/d' \> conftest.nm
configure:6897: $? = 0
configure:6963: gcc -o conftest -g -O2   conftest.c conftstm.o >&5
configure:6966: $? = 0
configure:7004: result: ok
configure:7051: checking for sysroot
configure:7081: result: no
configure:7088: checking for a working dd
configure:7126: result: /cvmfs/soft.computecanada.ca/nix/var/nix/profiles/16.09/bin/dd
configure:7130: checking how to truncate binary pipes
configure:7145: result: /cvmfs/soft.computecanada.ca/nix/var/nix/profiles/16.09/bin/dd bs=4096 count=1
configure:7281: gcc -c -g -O2  conftest.c >&5
configure:7284: $? = 0
configure:7474: checking for mt
configure:7504: result: no
configure:7524: checking if : is a manifest tool
configure:7530: : '-?'
configure:7538: result: no
configure:8211: checking for ANSI C header files
configure:8231: gcc -c -g -O2  conftest.c >&5
configure:8231: $? = 0
configure:8304: gcc -o conftest -g -O2   conftest.c  >&5
configure:8304: $? = 0
configure:8304: ./conftest
configure:8304: $? = 0
configure:8315: result: yes
configure:8328: checking for sys/types.h
configure:8328: gcc -c -g -O2  conftest.c >&5
configure:8328: $? = 0
configure:8328: result: yes
configure:8328: checking for sys/stat.h
configure:8328: gcc -c -g -O2  conftest.c >&5
configure:8328: $? = 0
configure:8328: result: yes
configure:8328: checking for stdlib.h
configure:8328: gcc -c -g -O2  conftest.c >&5
configure:8328: $? = 0
configure:8328: result: yes
configure:8328: checking for string.h
configure:8328: gcc -c -g -O2  conftest.c >&5
configure:8328: $? = 0
configure:8328: result: yes
configure:8328: checking for memory.h
configure:8328: gcc -c -g -O2  conftest.c >&5
configure:8328: $? = 0
configure:8328: result: yes
configure:8328: checking for strings.h
configure:8328: gcc -c -g -O2  conftest.c >&5
configure:8328: $? = 0
configure:8328: result: yes
configure:8328: checking for inttypes.h
configure:8328: gcc -c -g -O2  conftest.c >&5
configure:8328: $? = 0
configure:8328: result: yes
configure:8328: checking for stdint.h
configure:8328: gcc -c -g -O2  conftest.c >&5
configure:8328: $? = 0
configure:8328: result: yes
configure:8328: checking for unistd.h
configure:8328: gcc -c -g -O2  conftest.c >&5
configure:8328: $? = 0
configure:8328: result: yes
configure:8342: checking for dlfcn.h
configure:8342: gcc -c -g -O2  conftest.c >&5
configure:8342: $? = 0
configure:8342: result: yes
configure:8608: checking for objdir
configure:8623: result: .libs
configure:8887: checking if gcc supports -fno-rtti -fno-exceptions
configure:8905: gcc -c -g -O2  -fno-rtti -fno-exceptions conftest.c >&5
cc1: warning: command line option '-fno-rtti' is valid for C++/ObjC++ but not for C
configure:8909: $? = 0
configure:8922: result: no
configure:9280: checking for gcc option to produce PIC
configure:9287: result: -fPIC -DPIC
configure:9295: checking if gcc PIC flag -fPIC -DPIC works
configure:9313: gcc -c -g -O2  -fPIC -DPIC -DPIC conftest.c >&5
configure:9317: $? = 0
configure:9330: result: yes
configure:9359: checking if gcc static flag -static works
configure:9387: result: yes
configure:9402: checking if gcc supports -c -o file.o
configure:9423: gcc -c -g -O2  -o out/conftest2.o conftest.c >&5
configure:9427: $? = 0
configure:9449: result: yes
configure:9457: checking if gcc supports -c -o file.o
configure:9504: result: yes
configure:9537: checking whether the gcc linker (/cvmfs/soft.computecanada.ca/nix/var/nix/profiles/16.09/bin/ld -m elf_x86_64) supports shared libraries
configure:10796: result: yes
configure:10833: checking whether -lc should be explicitly linked in
configure:10841: gcc -c -g -O2  conftest.c >&5
configure:10844: $? = 0
configure:10859: gcc -shared  -fPIC -DPIC conftest.o  -v -Wl,-soname -Wl,conftest -o conftest 2\>\&1 \| /cvmfs/soft.computecanada.ca/nix/var/nix/profiles/16.09/bin/grep  -lc  \>/dev/null 2\>\&1
configure:10862: $? = 0
configure:10876: result: no
configure:11036: checking dynamic linker characteristics
configure:11617: gcc -o conftest -g -O2   -Wl,-rpath -Wl,/foo conftest.c  >&5
configure:11617: $? = 0
configure:11854: result: GNU/Linux ld.so
configure:11976: checking how to hardcode library paths into programs
configure:12001: result: immediate
configure:12549: checking whether stripping libraries is possible
configure:12554: result: yes
configure:12589: checking if libtool supports shared libraries
configure:12591: result: yes
configure:12594: checking whether to build shared libraries
configure:12619: result: yes
configure:12622: checking whether to build static libraries
configure:12626: result: yes
configure:12748: checking if libtool supports shared libraries
configure:12750: result: yes
configure:12753: checking whether to build shared libraries
configure:12777: result: yes
configure:12780: checking whether to build static libraries
configure:12784: result: yes
configure:12818: gfortran -c -g -O2  conftest.f >&5
configure:12821: $? = 0
configure:13299: checking for gfortran option to produce PIC
configure:13306: result: -fPIC
configure:13314: checking if gfortran PIC flag -fPIC works
configure:13332: gfortran -c -g -O2 -fPIC  conftest.f >&5
configure:13336: $? = 0
configure:13349: result: yes
configure:13372: checking if gfortran static flag -static works
configure:13400: result: yes
configure:13412: checking if gfortran supports -c -o file.o
configure:13433: gfortran -c -g -O2 -o out/conftest2.o  conftest.f >&5
configure:13437: $? = 0
configure:13459: result: yes
configure:13464: checking if gfortran supports -c -o file.o
configure:13511: result: yes
configure:13541: checking whether the gfortran linker (/cvmfs/soft.computecanada.ca/nix/var/nix/profiles/16.09/bin/ld -m elf_x86_64) supports shared libraries
configure:14750: result: yes
configure:14891: checking dynamic linker characteristics
configure:15630: result: GNU/Linux ld.so
configure:15695: checking how to hardcode library paths into programs
configure:15720: result: immediate
configure:16079: checking that generated files are newer than configure
configure:16085: result: done
configure:16112: creating ./config.status

## ---------------------- ##
## Running config.status. ##
## ---------------------- ##

This file was extended by XMLF90 config.status 1.5.4, which was
generated by GNU Autoconf 2.69.  Invocation command line was

  CONFIG_FILES    = 
  CONFIG_HEADERS  = 
  CONFIG_LINKS    = 
  CONFIG_COMMANDS = 
  $ ./config.status 

on beluga4.int.ets1.calculquebec.ca

config.status:1092: creating config/data/xmlf90-config.yml
config.status:1264: executing depfiles commands
config.status:1264: executing libtool commands
configure:18516: checking that generated files are newer than configure
configure:18522: result: done
configure:18561: creating ./config.status

## ---------------------- ##
## Running config.status. ##
## ---------------------- ##

This file was extended by XMLF90 config.status 1.5.4, which was
generated by GNU Autoconf 2.69.  Invocation command line was

  CONFIG_FILES    = 
  CONFIG_HEADERS  = 
  CONFIG_LINKS    = 
  CONFIG_COMMANDS = 
  $ ./config.status 

on beluga4.int.ets1.calculquebec.ca

config.status:1118: creating config/data/xmlf90-config.yml
config.status:1118: creating config/data/xmlf90.mk
config.status:1118: creating config/data/xmlf90.pc
config.status:1118: creating Makefile
config.status:1118: creating src/Makefile
config.status:1118: creating src/xmlf90_info.f90
config.status:1118: creating src/cml/Makefile
config.status:1118: creating src/dom/Makefile
config.status:1118: creating src/sax/Makefile
config.status:1118: creating src/wxml/Makefile
config.status:1118: creating src/xpath/Makefile
config.status:1118: creating doc/Doxyfile
config.status:1118: creating doc/Makefile
config.status:1118: creating doc/Examples/Makefile
config.status:1118: creating doc/Examples/cml/Makefile
config.status:1118: creating doc/Examples/dom/Makefile
config.status:1118: creating doc/Examples/sax/Makefile
config.status:1118: creating doc/Examples/sax/count/Makefile
config.status:1118: creating doc/Examples/sax/features/Makefile
config.status:1118: creating doc/Examples/sax/pseudo/Makefile
config.status:1118: creating doc/Examples/sax/simple/Makefile
config.status:1118: creating doc/Examples/wxml/Makefile
config.status:1118: creating doc/Examples/xpath/Makefile
config.status:1118: creating doc/Tutorial/Makefile
config.status:1118: creating doc/Tutorial/sax/Makefile
config.status:1118: creating doc/Tutorial/xpath/Makefile
config.status:1290: executing depfiles commands
config.status:1290: executing libtool commands
configure:20842:

Final build parameters
----------------------

    TSTAMP     = 20190613T163617-0400

    docgen     = no

    CPP        = gcc -E
    CPPFLAGS   = 
    CC         = gcc
    CFLAGS     = -g -O2
    FC         = gfortran
    FCFLAGS    = -g -O2
    LDFLAGS    = 
    LIBS       = 

    DOXYGEN    = 
    MAKEINDEX  = 
    PDFLATEX   = 

This information is also available in YAML format inside
config/data/xmlf90-config.yml for future reference.

You can now build XMLF90 1.5.4 by typing "make", or
e.g. "make -j8" for a parallel build with 8 processes.


## ---------------- ##
## Cache variables. ##
## ---------------- ##

ac_cv_build=x86_64-pc-linux-gnu
ac_cv_c_compiler_gnu=yes
ac_cv_env_CC_set=
ac_cv_env_CC_value=
ac_cv_env_CFLAGS_set=
ac_cv_env_CFLAGS_value=
ac_cv_env_CPPFLAGS_set=
ac_cv_env_CPPFLAGS_value=
ac_cv_env_CPP_set=
ac_cv_env_CPP_value=
ac_cv_env_DOXYGEN_set=
ac_cv_env_DOXYGEN_value=
ac_cv_env_FCFLAGS_set=
ac_cv_env_FCFLAGS_value=
ac_cv_env_FC_set=
ac_cv_env_FC_value=
ac_cv_env_LDFLAGS_set=
ac_cv_env_LDFLAGS_value=
ac_cv_env_LIBS_set=
ac_cv_env_LIBS_value=
ac_cv_env_LT_SYS_LIBRARY_PATH_set=
ac_cv_env_LT_SYS_LIBRARY_PATH_value=
ac_cv_env_build_alias_set=
ac_cv_env_build_alias_value=
ac_cv_env_host_alias_set=
ac_cv_env_host_alias_value=
ac_cv_env_target_alias_set=
ac_cv_env_target_alias_value=
ac_cv_fc_compiler_gnu=yes
ac_cv_header_dlfcn_h=yes
ac_cv_header_inttypes_h=yes
ac_cv_header_memory_h=yes
ac_cv_header_stdc=yes
ac_cv_header_stdint_h=yes
ac_cv_header_stdlib_h=yes
ac_cv_header_string_h=yes
ac_cv_header_strings_h=yes
ac_cv_header_sys_stat_h=yes
ac_cv_header_sys_types_h=yes
ac_cv_header_unistd_h=yes
ac_cv_host=x86_64-pc-linux-gnu
ac_cv_objext=o
ac_cv_path_EGREP='/cvmfs/soft.computecanada.ca/nix/var/nix/profiles/16.09/bin/grep -E'
ac_cv_path_FGREP='/cvmfs/soft.computecanada.ca/nix/var/nix/profiles/16.09/bin/grep -F'
ac_cv_path_GREP=/cvmfs/soft.computecanada.ca/nix/var/nix/profiles/16.09/bin/grep
ac_cv_path_SED=/cvmfs/soft.computecanada.ca/nix/var/nix/profiles/16.09/bin/sed
ac_cv_path_install='/cvmfs/soft.computecanada.ca/custom/bin/install -c'
ac_cv_path_lt_DD=/cvmfs/soft.computecanada.ca/nix/var/nix/profiles/16.09/bin/dd
ac_cv_path_mkdir=/cvmfs/soft.computecanada.ca/nix/var/nix/profiles/16.09/bin/mkdir
ac_cv_prog_AWK=gawk
ac_cv_prog_CPP='gcc -E'
ac_cv_prog_ac_ct_AR=ar
ac_cv_prog_ac_ct_CC=gcc
ac_cv_prog_ac_ct_FC=gfortran
ac_cv_prog_ac_ct_OBJDUMP=objdump
ac_cv_prog_ac_ct_RANLIB=ranlib
ac_cv_prog_ac_ct_STRIP=strip
ac_cv_prog_cc_c89=
ac_cv_prog_cc_g=yes
ac_cv_prog_fc_g=yes
ac_cv_prog_make_make_set=yes
ac_cv_target=x86_64-pc-linux-gnu
am_cv_CC_dependencies_compiler_type=none
am_cv_make_support_nested_variables=yes
am_cv_prog_cc_c_o=yes
ax_cv_f90_mod_case=unknown
ax_cv_f90_mod_lowercase=unknown
ax_cv_f90_mod_uppercase=unknown
ax_cv_f90_modext=mod
lt_cv_ar_at_file=@
lt_cv_archive_cmds_need_lc=no
lt_cv_deplibs_check_method=pass_all
lt_cv_file_magic_cmd='$MAGIC_CMD'
lt_cv_file_magic_test_file=
lt_cv_ld_reload_flag=-r
lt_cv_nm_interface='BSD nm'
lt_cv_objdir=.libs
lt_cv_path_LD=/cvmfs/soft.computecanada.ca/nix/var/nix/profiles/16.09/bin/ld
lt_cv_path_NM='/cvmfs/soft.computecanada.ca/nix/var/nix/profiles/16.09/bin/nm -B'
lt_cv_path_mainfest_tool=no
lt_cv_prog_compiler_c_o=yes
lt_cv_prog_compiler_c_o_FC=yes
lt_cv_prog_compiler_pic='-fPIC -DPIC'
lt_cv_prog_compiler_pic_FC=-fPIC
lt_cv_prog_compiler_pic_works=yes
lt_cv_prog_compiler_pic_works_FC=yes
lt_cv_prog_compiler_rtti_exceptions=no
lt_cv_prog_compiler_static_works=yes
lt_cv_prog_compiler_static_works_FC=yes
lt_cv_prog_gnu_ld=yes
lt_cv_sharedlib_from_linklib_cmd='printf %s\n'
lt_cv_shlibpath_overrides_runpath=yes
lt_cv_sys_global_symbol_pipe='sed -n -e '\''s/^.*[	 ]\([ABCDGIRSTW][ABCDGIRSTW]*\)[	 ][	 ]*\([_A-Za-z][_A-Za-z0-9]*\)$/\1 \2 \2/p'\'' | sed '\''/ __gnu_lto/d'\'''
lt_cv_sys_global_symbol_to_c_name_address='sed -n -e '\''s/^: \(.*\) .*$/  {"\1", (void *) 0},/p'\'' -e '\''s/^[ABCDGIRSTW][ABCDGIRSTW]* .* \(.*\)$/  {"\1", (void *) \&\1},/p'\'''
lt_cv_sys_global_symbol_to_c_name_address_lib_prefix='sed -n -e '\''s/^: \(.*\) .*$/  {"\1", (void *) 0},/p'\'' -e '\''s/^[ABCDGIRSTW][ABCDGIRSTW]* .* \(lib.*\)$/  {"\1", (void *) \&\1},/p'\'' -e '\''s/^[ABCDGIRSTW][ABCDGIRSTW]* .* \(.*\)$/  {"lib\1", (void *) \&\1},/p'\'''
lt_cv_sys_global_symbol_to_cdecl='sed -n -e '\''s/^T .* \(.*\)$/extern int \1();/p'\'' -e '\''s/^[ABCDGIRSTW][ABCDGIRSTW]* .* \(.*\)$/extern char \1;/p'\'''
lt_cv_sys_global_symbol_to_import=
lt_cv_sys_max_cmd_len=1572864
lt_cv_to_host_file_cmd=func_convert_file_noop
lt_cv_to_tool_file_cmd=func_convert_file_noop
lt_cv_truncate_bin='/cvmfs/soft.computecanada.ca/nix/var/nix/profiles/16.09/bin/dd bs=4096 count=1'

## ----------------- ##
## Output variables. ##
## ----------------- ##

ACLOCAL='${SHELL} /home/lleblanc/src/psiesta-4.1-b4/Pseudo/xmlf90-1.5.4/config/gnu/missing aclocal-1.15'
AMDEPBACKSLASH='\'
AMDEP_FALSE='#'
AMDEP_TRUE=''
AMTAR='$${TAR-tar}'
AM_BACKSLASH='\'
AM_DEFAULT_V='$(AM_DEFAULT_VERBOSITY)'
AM_DEFAULT_VERBOSITY='1'
AM_V='$(V)'
AR='ar'
AUTOCONF='${SHELL} /home/lleblanc/src/psiesta-4.1-b4/Pseudo/xmlf90-1.5.4/config/gnu/missing autoconf'
AUTOHEADER='${SHELL} /home/lleblanc/src/psiesta-4.1-b4/Pseudo/xmlf90-1.5.4/config/gnu/missing autoheader'
AUTOMAKE='${SHELL} /home/lleblanc/src/psiesta-4.1-b4/Pseudo/xmlf90-1.5.4/config/gnu/missing automake-1.15'
AWK='gawk'
CC='gcc'
CCDEPMODE='depmode=none'
CFLAGS='-g -O2'
CPP='gcc -E'
CPPFLAGS=''
CYGPATH_W='echo'
DEFS='-DPACKAGE_NAME=\"XMLF90\" -DPACKAGE_TARNAME=\"xmlf90\" -DPACKAGE_VERSION=\"1.5.4\" -DPACKAGE_STRING=\"XMLF90\ 1.5.4\" -DPACKAGE_BUGREPORT=\"https://bugs.launchpad.net/xmlf90\" -DPACKAGE_URL=\"https://launchpad.net/xmlf90\" -DPACKAGE=\"xmlf90\" -DVERSION=\"1.5.4\" -DSTDC_HEADERS=1 -DHAVE_SYS_TYPES_H=1 -DHAVE_SYS_STAT_H=1 -DHAVE_STDLIB_H=1 -DHAVE_STRING_H=1 -DHAVE_MEMORY_H=1 -DHAVE_STRINGS_H=1 -DHAVE_INTTYPES_H=1 -DHAVE_STDINT_H=1 -DHAVE_UNISTD_H=1 -DHAVE_DLFCN_H=1 -DLT_OBJDIR=\".libs/\"'
DEPDIR='.deps'
DLLTOOL='false'
DOXYGEN=''
DO_BUILD_DOXYGEN_FALSE=''
DO_BUILD_DOXYGEN_TRUE='#'
DO_BUILD_LATEX_FALSE=''
DO_BUILD_LATEX_TRUE='#'
DSYMUTIL=''
DUMPBIN=''
ECHO_C=''
ECHO_N='-n'
ECHO_T=''
EGREP='/cvmfs/soft.computecanada.ca/nix/var/nix/profiles/16.09/bin/grep -E'
EXEEXT=''
F90_MOD_UPPERCASE_FALSE=''
F90_MOD_UPPERCASE_TRUE='#'
FC='gfortran'
FCFLAGS='-g -O2'
FGREP='/cvmfs/soft.computecanada.ca/nix/var/nix/profiles/16.09/bin/grep -F'
GREP='/cvmfs/soft.computecanada.ca/nix/var/nix/profiles/16.09/bin/grep'
INSTALL_DATA='${INSTALL} -m 644'
INSTALL_PROGRAM='${INSTALL}'
INSTALL_SCRIPT='${INSTALL}'
INSTALL_STRIP_PROGRAM='$(install_sh) -c -s'
LD='/cvmfs/soft.computecanada.ca/nix/var/nix/profiles/16.09/bin/ld -m elf_x86_64'
LDFLAGS=''
LIBOBJS=''
LIBS=''
LIBTOOL='$(SHELL) $(top_builddir)/libtool'
LIPO=''
LN_S='ln -s'
LTLIBOBJS=''
LTOBJEXT='lo'
LT_SYS_LIBRARY_PATH=''
MAKEINDEX=''
MAKEINFO='${SHELL} /home/lleblanc/src/psiesta-4.1-b4/Pseudo/xmlf90-1.5.4/config/gnu/missing makeinfo'
MANIFEST_TOOL=':'
MKDIR_P='/cvmfs/soft.computecanada.ca/nix/var/nix/profiles/16.09/bin/mkdir -p'
MODEXT='mod'
NM='/cvmfs/soft.computecanada.ca/nix/var/nix/profiles/16.09/bin/nm -B'
NMEDIT=''
OBJDUMP='objdump'
OBJEXT='o'
OTOOL64=''
OTOOL=''
PACKAGE='xmlf90'
PACKAGE_BUGREPORT='https://bugs.launchpad.net/xmlf90'
PACKAGE_NAME='XMLF90'
PACKAGE_STRING='XMLF90 1.5.4'
PACKAGE_TARNAME='xmlf90'
PACKAGE_URL='https://launchpad.net/xmlf90'
PACKAGE_VERSION='1.5.4'
PATH_SEPARATOR=':'
PDFLATEX=''
RANLIB='ranlib'
SED='/cvmfs/soft.computecanada.ca/nix/var/nix/profiles/16.09/bin/sed'
SET_MAKE=''
SHELL='/bin/sh'
STRIP='strip'
VERSION='1.5.4'
XMLF90_VERSION_MAJOR='1'
XMLF90_VERSION_MICRO='4'
XMLF90_VERSION_MINOR='5'
ac_abs_top_builddir='/home/lleblanc/src/psiesta-4.1-b4/Pseudo/xmlf90-1.5.4'
ac_abs_top_srcdir='/home/lleblanc/src/psiesta-4.1-b4/Pseudo/xmlf90-1.5.4'
ac_ct_AR='ar'
ac_ct_CC='gcc'
ac_ct_DUMPBIN=''
ac_ct_FC='gfortran'
am__EXEEXT_FALSE=''
am__EXEEXT_TRUE='#'
am__fastdepCC_FALSE=''
am__fastdepCC_TRUE='#'
am__include='include'
am__isrc=''
am__leading_dot='.'
am__nodep='_no'
am__quote=''
am__tar='$${TAR-tar} chof - "$$tardir"'
am__untar='$${TAR-tar} xf -'
bindir='${exec_prefix}/bin'
build='x86_64-pc-linux-gnu'
build_alias=''
build_cpu='x86_64'
build_os='linux-gnu'
build_vendor='pc'
datadir='${datarootdir}'
datarootdir='${prefix}/share'
docdir='${datarootdir}/doc/${PACKAGE_TARNAME}'
dvidir='${docdir}'
exec_prefix='${prefix}'
host='x86_64-pc-linux-gnu'
host_alias=''
host_cpu='x86_64'
host_os='linux-gnu'
host_vendor='pc'
htmldir='${docdir}'
includedir='${prefix}/include'
infodir='${datarootdir}/info'
install_sh='${SHELL} /home/lleblanc/src/psiesta-4.1-b4/Pseudo/xmlf90-1.5.4/config/gnu/install-sh'
libdir='${exec_prefix}/lib'
libexecdir='${exec_prefix}/libexec'
localedir='${datarootdir}/locale'
localstatedir='${prefix}/var'
mandir='${datarootdir}/man'
mkdir_p='$(MKDIR_P)'
oldincludedir='/usr/include'
pdfdir='${docdir}'
prefix='/home/lleblanc/src/psiesta-4.1-b4/Pseudo/xmlf90-1.5.4'
program_transform_name='s,x,x,'
psdir='${docdir}'
sbindir='${exec_prefix}/sbin'
sharedstatedir='${prefix}/com'
sysconfdir='${prefix}/etc'
target='x86_64-pc-linux-gnu'
target_alias=''
target_cpu='x86_64'
target_os='linux-gnu'
target_vendor='pc'
x90_docgen_enable='no'
x90_fc_path=''
x90_timestamp='20190613T163617-0400'

## ----------- ##
## confdefs.h. ##
## ----------- ##

/* confdefs.h */
#define PACKAGE_NAME "XMLF90"
#define PACKAGE_TARNAME "xmlf90"
#define PACKAGE_VERSION "1.5.4"
#define PACKAGE_STRING "XMLF90 1.5.4"
#define PACKAGE_BUGREPORT "https://bugs.launchpad.net/xmlf90"
#define PACKAGE_URL "https://launchpad.net/xmlf90"
#define PACKAGE "xmlf90"
#define VERSION "1.5.4"
#define STDC_HEADERS 1
#define HAVE_SYS_TYPES_H 1
#define HAVE_SYS_STAT_H 1
#define HAVE_STDLIB_H 1
#define HAVE_STRING_H 1
#define HAVE_MEMORY_H 1
#define HAVE_STRINGS_H 1
#define HAVE_INTTYPES_H 1
#define HAVE_STDINT_H 1
#define HAVE_UNISTD_H 1
#define HAVE_DLFCN_H 1
#define LT_OBJDIR ".libs/"

configure: exit 0
